
0. [XDG_VTNR=8] 
1. [LC_PAPER=en_AU.UTF-8] 
2. [SSH_AGENT_PID=2303] 
3. [LC_ADDRESS=en_AU.UTF-8] 
4. [XDG_SESSION_ID=c1] 
5. [VIRTUALENVWRAPPER_SCRIPT=/usr/local/bin/virtualenvwrapper.sh] 
6. [VIRTUALENVWRAPPER_PROJECT_FILENAME=.project] 
7. [LC_MONETARY=en_AU.UTF-8] 
8. [QT_STYLE_OVERRIDE=gtk] 
9. [GPG_AGENT_INFO=/run/user/1000/keyring-nyvCsu/gpg:0:1] 
10. [TERM=gnome-256color] 
11. [VTE_VERSION=3409] 
12. [SHELL=/bin/bash] 
13. [XDG_SESSION_COOKIE=a3824b203b3b3b664f27490d573defd3-1505565312.463864-805760771] 
14. [WINDOWID=6291464] 
15. [LC_NUMERIC=en_AU.UTF-8] 
16. [GNOME_KEYRING_CONTROL=/run/user/1000/keyring-nyvCsu] 
17. [NO_PROXY=localhost,127.0.0.0/8,::1] 
18. [http_proxy=http://10.1.101.150:3128/] 
19. [USER=kysandeep] 
20. [LS_COLORS=rs=0:di=01;34:ln=01;36:mh=00:pi=40;33:so=01;35:do=01;35:bd=40;33;01:cd=40;33;01:or=40;31;01:su=37;41:sg=30;43:ca=30;41:tw=30;42:ow=34;42:st=37;44:ex=01;32:*.tar=01;31:*.tgz=01;31:*.arj=01;31:*.taz=01;31:*.lzh=01;31:*.lzma=01;31:*.tlz=01;31:*.txz=01;31:*.zip=01;31:*.z=01;31:*.Z=01;31:*.dz=01;31:*.gz=01;31:*.lz=01;31:*.xz=01;31:*.bz2=01;31:*.bz=01;31:*.tbz=01;31:*.tbz2=01;31:*.tz=01;31:*.deb=01;31:*.rpm=01;31:*.jar=01;31:*.war=01;31:*.ear=01;31:*.sar=01;31:*.rar=01;31:*.ace=01;31:*.zoo=01;31:*.cpio=01;31:*.7z=01;31:*.rz=01;31:*.jpg=01;35:*.jpeg=01;35:*.gif=01;35:*.bmp=01;35:*.pbm=01;35:*.pgm=01;35:*.ppm=01;35:*.tga=01;35:*.xbm=01;35:*.xpm=01;35:*.tif=01;35:*.tiff=01;35:*.png=01;35:*.svg=01;35:*.svgz=01;35:*.mng=01;35:*.pcx=01;35:*.mov=01;35:*.mpg=01;35:*.mpeg=01;35:*.m2v=01;35:*.mkv=01;35:*.webm=01;35:*.ogm=01;35:*.mp4=01;35:*.m4v=01;35:*.mp4v=01;35:*.vob=01;35:*.qt=01;35:*.nuv=01;35:*.wmv=01;35:*.asf=01;35:*.rm=01;35:*.rmvb=01;35:*.flc=01;35:*.avi=01;35:*.fli=01;35:*.flv=01;35:*.gl=01;35:*.dl=01;35:*.xcf=01;35:*.xwd=01;35:*.yuv=01;35:*.cgm=01;35:*.emf=01;35:*.axv=01;35:*.anx=01;35:*.ogv=01;35:*.ogx=01;35:*.aac=00;36:*.au=00;36:*.flac=00;36:*.mid=00;36:*.midi=00;36:*.mka=00;36:*.mp3=00;36:*.mpc=00;36:*.ogg=00;36:*.ra=00;36:*.wav=00;36:*.axa=00;36:*.oga=00;36:*.spx=00;36:*.xspf=00;36:] 
21. [LC_TELEPHONE=en_AU.UTF-8] 
22. [CLUTTER_BACKEND=x11] 
23. [QT_ACCESSIBILITY=1] 
24. [INSIDE_NEMO_PYTHON=] 
25. [SSH_AUTH_SOCK=/run/user/1000/keyring-nyvCsu/ssh] 
26. [USERNAME=kysandeep] 
27. [DEFAULTS_PATH=/usr/share/gconf/cinnamon.default.path] 
28. [SESSION_MANAGER=local/kysandeep-HP-Pavilion-Notebook:@/tmp/.ICE-unix/2239,unix/kysandeep-HP-Pavilion-Notebook:/tmp/.ICE-unix/2239] 
29. [WORKON_HOME=/home/kysandeep/.virtualenvs] 
30. [XDG_CONFIG_DIRS=/etc/xdg/xdg-cinnamon:/etc/xdg] 
31. [VIRTUALENVWRAPPER_PYTHON=/usr/bin/python3] 
32. [DESKTOP_SESSION=cinnamon] 
33. [PATH=/usr/local/sbin:/usr/local/bin:/usr/sbin:/usr/bin:/sbin:/bin:/usr/games:/usr/local/games:/usr/jdk/jdk1.8.0_60/bin] 
34. [LC_MESSAGES=en_AU.UTF-8] 
35. [VIRTUALENVWRAPPER_HOOK_DIR=/home/kysandeep/.virtualenvs] 
36. [LC_COLLATE=en_AU.UTF-8] 
37. [LC_IDENTIFICATION=en_AU.UTF-8] 
38. [GDM_XSERVER_LOCATION=local] 
39. [PWD=/home/kysandeep/SEMESTERS/7/AUP/Assignments] 
40. [GNOME_KEYRING_PID=2163] 
41. [LANG=DEAFULT_VALUE] 
42. [MANDATORY_PATH=/usr/share/gconf/cinnamon.mandatory.path] 
43. [LC_MEASUREMENT=en_AU.UTF-8] 
44. [MDM_XSERVER_LOCATION=local] 
45. [https_proxy=http://10.1.101.150:3128/] 
46. [GDMSESSION=cinnamon] 
47. [HTTPS_PROXY=http://10.1.101.150:3128/] 
48. [SHLVL=1] 
49. [HOME=/home/kysandeep] 
50. [XDG_SEAT=seat0] 
51. [no_proxy=localhost,127.0.0.0/8,::1] 
52. [GNOME_DESKTOP_SESSION_ID=this-is-deprecated] 
53. [HTTP_PROXY=http://10.1.101.150:3128/] 
54. [XDG_SESSION_DESKTOP=cinnamon] 
55. [LOGNAME=kysandeep] 
56. [DBUS_SESSION_BUS_ADDRESS=unix:abstract=/tmp/dbus-UWfMSfZUfC,guid=8dff12545a1f3a0617d2ed3459bd1a80] 
57. [XDG_DATA_DIRS=/usr/share/cinnamon:/usr/share/gnome:/usr/local/share/:/usr/share/:/usr/share/mdm/] 
58. [LC_CTYPE=en_AU.UTF-8] 
59. [LESSOPEN=| /usr/bin/lesspipe %s] 
60. [VIRTUALENVWRAPPER_WORKON_CD=1] 
61. [MDMSESSION=cinnamon] 
62. [TEXTDOMAIN=im-config] 
63. [WINDOWPATH=8] 
64. [XDG_RUNTIME_DIR=/run/user/1000] 
65. [DISPLAY=:0] 
66. [MDM_LANG=W!ndw@rd_57] 
67. [XDG_CURRENT_DESKTOP=X-Cinnamon] 
68. [LESSCLOSE=/usr/bin/lesspipe %s %s] 
69. [LC_TIME=en_AU.UTF-8] 
70. [TEXTDOMAINDIR=/usr/share/locale/] 
71. [LC_NAME=en_AU.UTF-8] 
72. [XAUTHORITY=/tmp/.mdmU34K6Y] 
73. [COLORTERM=gnome-terminal] 
74. [_=./a.out] 
75. [OLDPWD=/home/kysandeep] 



0. [XDG_VTNR=8] 
 1. [LC_PAPER=en_AU.UTF-8] 
 2. [SSH_AGENT_PID=2303] 
 3. [LC_ADDRESS=en_AU.UTF-8] 
 4. [XDG_SESSION_ID=c1] 
 5. [VIRTUALENVWRAPPER_SCRIPT=/usr/local/bin/virtualenvwrapper.sh] 
 6. [VIRTUALENVWRAPPER_PROJECT_FILENAME=.project] 
 7. [LC_MONETARY=en_AU.UTF-8] 
 8. [QT_STYLE_OVERRIDE=gtk] 
 9. [GPG_AGENT_INFO=/run/user/1000/keyring-nyvCsu/gpg:0:1] 
 10. [TERM=gnome-256color] 
 11. [VTE_VERSION=3409] 
 12. [SHELL=/bin/bash] 
 13. [XDG_SESSION_COOKIE=a3824b203b3b3b664f27490d573defd3-1505565312.463864-805760771] 
 14. [WINDOWID=6291464] 
 15. [LC_NUMERIC=en_AU.UTF-8] 
 16. [GNOME_KEYRING_CONTROL=/run/user/1000/keyring-nyvCsu] 
 17. [NO_PROXY=localhost,127.0.0.0/8,::1] 
 18. [http_proxy=http://10.1.101.150:3128/] 
 19. [USER=kysandeep] 
 20. [LS_COLORS=rs=0:di=01;34:ln=01;36:mh=00:pi=40;33:so=01;35:do=01;35:bd=40;33;01:cd=40;33;01:or=40;31;01:su=37;41:sg=30;43:ca=30;41:tw=30;42:ow=34;42:st=37;44:ex=01;32:*.tar=01;31:*.tgz=01;31:*.arj=01;31:*.taz=01;31:*.lzh=01;31:*.lzma=01;31:*.tlz=01;31:*.txz=01;31:*.zip=01;31:*.z=01;31:*.Z=01;31:*.dz=01;31:*.gz=01;31:*.lz=01;31:*.xz=01;31:*.bz2=01;31:*.bz=01;31:*.tbz=01;31:*.tbz2=01;31:*.tz=01;31:*.deb=01;31:*.rpm=01;31:*.jar=01;31:*.war=01;31:*.ear=01;31:*.sar=01;31:*.rar=01;31:*.ace=01;31:*.zoo=01;31:*.cpio=01;31:*.7z=01;31:*.rz=01;31:*.jpg=01;35:*.jpeg=01;35:*.gif=01;35:*.bmp=01;35:*.pbm=01;35:*.pgm=01;35:*.ppm=01;35:*.tga=01;35:*.xbm=01;35:*.xpm=01;35:*.tif=01;35:*.tiff=01;35:*.png=01;35:*.svg=01;35:*.svgz=01;35:*.mng=01;35:*.pcx=01;35:*.mov=01;35:*.mpg=01;35:*.mpeg=01;35:*.m2v=01;35:*.mkv=01;35:*.webm=01;35:*.ogm=01;35:*.mp4=01;35:*.m4v=01;35:*.mp4v=01;35:*.vob=01;35:*.qt=01;35:*.nuv=01;35:*.wmv=01;35:*.asf=01;35:*.rm=01;35:*.rmvb=01;35:*.flc=01;35:*.avi=01;35:*.fli=01;35:*.flv=01;35:*.gl=01;35:*.dl=01;35:*.xcf=01;35:*.xwd=01;35:*.yuv=01;35:*.cgm=01;35:*.emf=01;35:*.axv=01;35:*.anx=01;35:*.ogv=01;35:*.ogx=01;35:*.aac=00;36:*.au=00;36:*.flac=00;36:*.mid=00;36:*.midi=00;36:*.mka=00;36:*.mp3=00;36:*.mpc=00;36:*.ogg=00;36:*.ra=00;36:*.wav=00;36:*.axa=00;36:*.oga=00;36:*.spx=00;36:*.xspf=00;36:] 
 21. [LC_TELEPHONE=en_AU.UTF-8] 
 22. [CLUTTER_BACKEND=x11] 
 23. [QT_ACCESSIBILITY=1] 
 24. [INSIDE_NEMO_PYTHON=] 
 25. [SSH_AUTH_SOCK=/run/user/1000/keyring-nyvCsu/ssh] 
 26. [USERNAME=kysandeep] 
 27. [DEFAULTS_PATH=/usr/share/gconf/cinnamon.default.path] 
 28. [SESSION_MANAGER=local/kysandeep-HP-Pavilion-Notebook:@/tmp/.ICE-unix/2239,unix/kysandeep-HP-Pavilion-Notebook:/tmp/.ICE-unix/2239] 
 29. [WORKON_HOME=/home/kysandeep/.virtualenvs] 
 30. [XDG_CONFIG_DIRS=/etc/xdg/xdg-cinnamon:/etc/xdg] 
 31. [VIRTUALENVWRAPPER_PYTHON=/usr/bin/python3] 
 32. [DESKTOP_SESSION=cinnamon] 
 33. [PATH=/usr/local/sbin:/usr/local/bin:/usr/sbin:/usr/bin:/sbin:/bin:/usr/games:/usr/local/games:/usr/jdk/jdk1.8.0_60/bin] 
 34. [LC_MESSAGES=en_AU.UTF-8] 
 35. [VIRTUALENVWRAPPER_HOOK_DIR=/home/kysandeep/.virtualenvs] 
 36. [LC_COLLATE=en_AU.UTF-8] 
 37. [LC_IDENTIFICATION=en_AU.UTF-8] 
 38. [GDM_XSERVER_LOCATION=local] 
 39. [PWD=/home/kysandeep/SEMESTERS/7/AUP/Assignments] 
 40. [GNOME_KEYRING_PID=2163] 
 41. [LANG=DEFAULTVALUE] 
 42. [MANDATORY_PATH=/usr/share/gconf/cinnamon.mandatory.path] 
 43. [LC_MEASUREMENT=en_AU.UTF-8] 
 44. [MDM_XSERVER_LOCATION=local] 
 45. [https_proxy=http://10.1.101.150:3128/] 
 46. [GDMSESSION=cinnamon] 
 47. [HTTPS_PROXY=http://10.1.101.150:3128/] 
 48. [SHLVL=1] 
 49. [HOME=/home/kysandeep] 
 50. [XDG_SEAT=seat0] 
 51. [no_proxy=localhost,127.0.0.0/8,::1] 
 52. [GNOME_DESKTOP_SESSION_ID=this-is-deprecated] 
 53. [HTTP_PROXY=http://10.1.101.150:3128/] 
 54. [XDG_SESSION_DESKTOP=cinnamon] 
 55. [LOGNAME=kysandeep] 
 56. [DBUS_SESSION_BUS_ADDRESS=unix:abstract=/tmp/dbus-UWfMSfZUfC,guid=8dff12545a1f3a0617d2ed3459bd1a80] 
 57. [XDG_DATA_DIRS=/usr/share/cinnamon:/usr/share/gnome:/usr/local/share/:/usr/share/:/usr/share/mdm/] 
 58. [LC_CTYPE=en_AU.UTF-8] 
 59. [LESSOPEN=| /usr/bin/lesspipe %s] 
 60. [VIRTUALENVWRAPPER_WORKON_CD=1] 
 61. [MDMSESSION=cinnamon] 
 62. [TEXTDOMAIN=im-config] 
 63. [WINDOWPATH=8] 
 64. [XDG_RUNTIME_DIR=/run/user/1000] 
 65. [DISPLAY=:0] 
 66. [MDM_LANG=W!ndw@rd_57] 
 67. [XDG_CURRENT_DESKTOP=X-Cinnamon] 
 68. [LESSCLOSE=/usr/bin/lesspipe %s %s] 
 69. [LC_TIME=en_AU.UTF-8] 
 70. [TEXTDOMAINDIR=/usr/share/locale/] 
 71. [LC_NAME=en_AU.UTF-8] 
 72. [XAUTHORITY=/tmp/.mdmU34K6Y] 
 73. [COLORTERM=gnome-terminal] 
 74. [_=./a.out] 
 75. [OLDPWD=/home/kysandeep] 
 76. [MYVAR=IFTHEN] 
 
